Starting new HTTPS connection (1): ilm-dev-ed.my.salesforce.com
Starting new HTTPS connection (1): ilm-dev-ed.my.salesforce.com
Starting new HTTPS connection (1): ilm-dev-ed.my.salesforce.com
Starting new HTTPS connection (1): ilm-dev-ed.my.salesforce.com
Starting new HTTPS connection (1): ilm-dev-ed.my.salesforce.com
Starting new HTTPS connection (1): ilm-dev-ed.my.salesforce.com
Starting new HTTPS connection (1): ilm-dev-ed.my.salesforce.com
Starting new HTTPS connection (1): ilm-dev-ed.my.salesforce.com
Starting new HTTPS connection (1): ilm-dev-ed.my.salesforce.com
Starting new HTTPS connection (1): ilm-dev-ed.my.salesforce.com
Starting new HTTPS connection (1): ilm-dev-ed.my.salesforce.com
Starting new HTTPS connection (1): ilm-dev-ed.my.salesforce.com
Starting new HTTPS connection (1): ilm-dev-ed.my.salesforce.com
Starting new HTTPS connection (1): ilm-dev-ed.my.salesforce.com
Starting new HTTPS connection (1): ilm-dev-ed.my.salesforce.com
Starting new HTTPS connection (1): ilm-dev-ed.my.salesforce.com
Starting new HTTPS connection (1): ilm-dev-ed.my.salesforce.com
Starting new HTTPS connection (1): ilm-dev-ed.my.salesforce.com
Starting new HTTPS connection (1): ilm-dev-ed.my.salesforce.com
Starting new HTTPS connection (1): ilm-dev-ed.my.salesforce.com
Starting new HTTPS connection (1): ilm-dev-ed.my.salesforce.com
Starting new HTTPS connection (1): ilm-dev-ed.my.salesforce.com
Starting new HTTPS connection (1): ilm-dev-ed.my.salesforce.com
Starting new HTTPS connection (1): ilm-dev-ed.my.salesforce.com
Starting new HTTPS connection (1): ilm-dev-ed.my.salesforce.com
Starting new HTTPS connection (1): ilm-dev-ed.my.salesforce.com
Starting new HTTPS connection (1): ilm-dev-ed.my.salesforce.com
Starting new HTTPS connection (1): ilm-dev-ed.my.salesforce.com
Starting new HTTPS connection (1): ilm-dev-ed.my.salesforce.com
Starting new HTTPS connection (1): ilm-dev-ed.my.salesforce.com
Starting new HTTPS connection (1): ilm-dev-ed.my.salesforce.com
[MAVENSMATE CAUGHT ERROR]
None
Starting new HTTPS connection (1): ilm-dev-ed.my.salesforce.com
Starting new HTTPS connection (1): ilm-dev-ed.my.salesforce.com
Starting new HTTPS connection (1): ilm-dev-ed.my.salesforce.com
Starting new HTTPS connection (1): ilm-dev-ed.my.salesforce.com
Starting new HTTPS connection (1): ilm-dev-ed.my.salesforce.com
Starting new HTTPS connection (1): ilm-dev-ed.my.salesforce.com
Starting new HTTPS connection (1): ilm-dev-ed.my.salesforce.com
Starting new HTTPS connection (1): ilm-dev-ed.my.salesforce.com
Starting new HTTPS connection (1): ilm-dev-ed.my.salesforce.com
Starting new HTTPS connection (1): ilm-dev-ed.my.salesforce.com
Starting new HTTPS connection (1): ilm-dev-ed.my.salesforce.com
Starting new HTTPS connection (1): ilm-dev-ed.my.salesforce.com
Starting new HTTPS connection (1): ilm-dev-ed.my.salesforce.com
Starting new HTTPS connection (1): ilm-dev-ed.my.salesforce.com
Starting new HTTPS connection (1): ilm-dev-ed.my.salesforce.com
Starting new HTTPS connection (1): ilm-dev-ed.my.salesforce.com
Starting new HTTPS connection (1): ilm-dev-ed.my.salesforce.com
Starting new HTTPS connection (1): ilm-dev-ed.my.salesforce.com
Starting new HTTPS connection (1): ilm-dev-ed.my.salesforce.com
Starting new HTTPS connection (1): ilm-dev-ed.my.salesforce.com
Starting new HTTPS connection (1): ilm-dev-ed.my.salesforce.com
Starting new HTTPS connection (1): ilm-dev-ed.my.salesforce.com
Starting new HTTPS connection (1): ilm-dev-ed.my.salesforce.com
Starting new HTTPS connection (1): ilm-dev-ed.my.salesforce.com
Starting new HTTPS connection (1): ilm-dev-ed.my.salesforce.com
Starting new HTTPS connection (1): ilm-dev-ed.my.salesforce.com
Starting new HTTPS connection (1): ilm-dev-ed.my.salesforce.com
Starting new HTTPS connection (1): ilm-dev-ed.my.salesforce.com
Starting new HTTPS connection (1): ilm-dev-ed.my.salesforce.com
Starting new HTTPS connection (1): ilm-dev-ed.my.salesforce.com
Starting new HTTPS connection (1): ilm-dev-ed.my.salesforce.com
Starting new HTTPS connection (1): ilm-dev-ed.my.salesforce.com
Starting new HTTPS connection (1): ilm-dev-ed.my.salesforce.com
Starting new HTTPS connection (1): ilm-dev-ed.my.salesforce.com
Starting new HTTPS connection (1): ilm-dev-ed.my.salesforce.com
Starting new HTTPS connection (1): ilm-dev-ed.my.salesforce.com
Starting new HTTPS connection (1): ilm-dev-ed.my.salesforce.com
Starting new HTTPS connection (1): ilm-dev-ed.my.salesforce.com
Starting new HTTPS connection (1): ilm-dev-ed.my.salesforce.com
Starting new HTTPS connection (1): ilm-dev-ed.my.salesforce.com
Starting new HTTPS connection (1): ilm-dev-ed.my.salesforce.com
Starting new HTTPS connection (1): ilm-dev-ed.my.salesforce.com
Starting new HTTPS connection (1): ilm-dev-ed.my.salesforce.com
Starting new HTTPS connection (1): ilm-dev-ed.my.salesforce.com
Starting new HTTPS connection (1): ilm-dev-ed.my.salesforce.com
Starting new HTTPS connection (1): ilm-dev-ed.my.salesforce.com
Starting new HTTPS connection (1): ilm-dev-ed.my.salesforce.com
Starting new HTTPS connection (1): ilm-dev-ed.my.salesforce.com
Starting new HTTPS connection (1): ilm-dev-ed.my.salesforce.com
Starting new HTTPS connection (1): ilm-dev-ed.my.salesforce.com
Starting new HTTPS connection (1): ilm-dev-ed.my.salesforce.com
Starting new HTTPS connection (1): ilm-dev-ed.my.salesforce.com
Starting new HTTPS connection (1): ilm-dev-ed.my.salesforce.com
Starting new HTTPS connection (1): ilm-dev-ed.my.salesforce.com
Starting new HTTPS connection (1): ilm-dev-ed.my.salesforce.com
Starting new HTTPS connection (1): ilm-dev-ed.my.salesforce.com
Starting new HTTPS connection (1): ilm-dev-ed.my.salesforce.com
Starting new HTTPS connection (1): ilm-dev-ed.my.salesforce.com
Starting new HTTPS connection (1): ilm-dev-ed.my.salesforce.com
Starting new HTTPS connection (1): ilm-dev-ed.my.salesforce.com
Starting new HTTPS connection (1): ilm-dev-ed.my.salesforce.com
Starting new HTTPS connection (1): ilm-dev-ed.my.salesforce.com
Starting new HTTPS connection (1): ilm-dev-ed.my.salesforce.com
Starting new HTTPS connection (1): ilm-dev-ed.my.salesforce.com
Starting new HTTPS connection (1): ilm-dev-ed.my.salesforce.com
Starting new HTTPS connection (1): ilm-dev-ed.my.salesforce.com
Starting new HTTPS connection (1): ilm-dev-ed.my.salesforce.com
Starting new HTTPS connection (1): ilm-dev-ed.my.salesforce.com
Starting new HTTPS connection (1): ilm-dev-ed.my.salesforce.com
Starting new HTTPS connection (1): ilm-dev-ed.my.salesforce.com
Starting new HTTPS connection (1): ilm-dev-ed.my.salesforce.com
Starting new HTTPS connection (1): ilm-dev-ed.my.salesforce.com
Starting new HTTPS connection (1): ilm-dev-ed.my.salesforce.com
Starting new HTTPS connection (1): ilm-dev-ed.my.salesforce.com
Starting new HTTPS connection (1): ilm-dev-ed.my.salesforce.com
Starting new HTTPS connection (1): ilm-dev-ed.my.salesforce.com
Starting new HTTPS connection (1): ilm-dev-ed.my.salesforce.com
Starting new HTTPS connection (1): ilm-dev-ed.my.salesforce.com
Starting new HTTPS connection (1): ilm-dev-ed.my.salesforce.com
Starting new HTTPS connection (1): ilm-dev-ed.my.salesforce.com
Starting new HTTPS connection (1): ilm-dev-ed.my.salesforce.com
Starting new HTTPS connection (1): ilm-dev-ed.my.salesforce.com
Starting new HTTPS connection (1): ilm-dev-ed.my.salesforce.com
Starting new HTTPS connection (1): ilm-dev-ed.my.salesforce.com
Starting new HTTPS connection (1): ilm-dev-ed.my.salesforce.com
Starting new HTTPS connection (1): ilm-dev-ed.my.salesforce.com
Starting new HTTPS connection (1): ilm-dev-ed.my.salesforce.com
Starting new HTTPS connection (1): ilm-dev-ed.my.salesforce.com
Starting new HTTPS connection (1): ilm-dev-ed.my.salesforce.com
Starting new HTTPS connection (1): ilm-dev-ed.my.salesforce.com
Starting new HTTPS connection (1): ilm-dev-ed.my.salesforce.com
Starting new HTTPS connection (1): ilm-dev-ed.my.salesforce.com
Starting new HTTPS connection (1): ilm-dev-ed.my.salesforce.com
Starting new HTTPS connection (1): ilm-dev-ed.my.salesforce.com
Starting new HTTPS connection (1): ilm-dev-ed.my.salesforce.com
Starting new HTTPS connection (1): ilm-dev-ed.my.salesforce.com
Starting new HTTPS connection (1): ilm-dev-ed.my.salesforce.com
Starting new HTTPS connection (1): ilm-dev-ed.my.salesforce.com
Starting new HTTPS connection (1): ilm-dev-ed.my.salesforce.com
Starting new HTTPS connection (1): ilm-dev-ed.my.salesforce.com
Starting new HTTPS connection (1): ilm-dev-ed.my.salesforce.com
Starting new HTTPS connection (1): ilm-dev-ed.my.salesforce.com
Starting new HTTPS connection (1): ilm-dev-ed.my.salesforce.com
Starting new HTTPS connection (1): ilm-dev-ed.my.salesforce.com
Starting new HTTPS connection (1): ilm-dev-ed.my.salesforce.com
Starting new HTTPS connection (1): ilm-dev-ed.my.salesforce.com
Starting new HTTPS connection (1): ilm-dev-ed.my.salesforce.com
Starting new HTTPS connection (1): ilm-dev-ed.my.salesforce.com
Starting new HTTPS connection (1): ilm-dev-ed.my.salesforce.com
Starting new HTTPS connection (1): ilm-dev-ed.my.salesforce.com
Starting new HTTPS connection (1): ilm-dev-ed.my.salesforce.com
Starting new HTTPS connection (1): ilm-dev-ed.my.salesforce.com
Starting new HTTPS connection (1): ilm-dev-ed.my.salesforce.com
Starting new HTTPS connection (1): ilm-dev-ed.my.salesforce.com
Starting new HTTPS connection (1): ilm-dev-ed.my.salesforce.com
Starting new HTTPS connection (1): ilm-dev-ed.my.salesforce.com
Starting new HTTPS connection (1): ilm-dev-ed.my.salesforce.com
Starting new HTTPS connection (1): ilm-dev-ed.my.salesforce.com
Starting new HTTPS connection (1): ilm-dev-ed.my.salesforce.com
Starting new HTTPS connection (1): ilm-dev-ed.my.salesforce.com
Starting new HTTPS connection (1): ilm-dev-ed.my.salesforce.com
Starting new HTTPS connection (1): ilm-dev-ed.my.salesforce.com
Starting new HTTPS connection (1): ilm-dev-ed.my.salesforce.com
Starting new HTTPS connection (1): ilm-dev-ed.my.salesforce.com
Starting new HTTPS connection (1): ilm-dev-ed.my.salesforce.com
Starting new HTTPS connection (1): ilm-dev-ed.my.salesforce.com
Starting new HTTPS connection (1): ilm-dev-ed.my.salesforce.com
Starting new HTTPS connection (1): ilm-dev-ed.my.salesforce.com
Starting new HTTPS connection (1): ilm-dev-ed.my.salesforce.com
Starting new HTTPS connection (1): ilm-dev-ed.my.salesforce.com
Starting new HTTPS connection (1): ilm-dev-ed.my.salesforce.com
Starting new HTTPS connection (1): ilm-dev-ed.my.salesforce.com
Starting new HTTPS connection (1): ilm-dev-ed.my.salesforce.com
Starting new HTTPS connection (1): ilm-dev-ed.my.salesforce.com
Starting new HTTPS connection (1): ilm-dev-ed.my.salesforce.com
Starting new HTTPS connection (1): ilm-dev-ed.my.salesforce.com
Starting new HTTPS connection (1): ilm-dev-ed.my.salesforce.com
Starting new HTTPS connection (1): ilm-dev-ed.my.salesforce.com
Starting new HTTPS connection (1): ilm-dev-ed.my.salesforce.com
Starting new HTTPS connection (1): ilm-dev-ed.my.salesforce.com
Starting new HTTPS connection (1): ilm-dev-ed.my.salesforce.com
Starting new HTTPS connection (1): ilm-dev-ed.my.salesforce.com
Starting new HTTPS connection (1): ilm-dev-ed.my.salesforce.com
Starting new HTTPS connection (1): ilm-dev-ed.my.salesforce.com
Starting new HTTPS connection (1): ilm-dev-ed.my.salesforce.com
Starting new HTTPS connection (1): ilm-dev-ed.my.salesforce.com
Starting new HTTPS connection (1): ilm-dev-ed.my.salesforce.com
Starting new HTTPS connection (1): ilm-dev-ed.my.salesforce.com
Starting new HTTPS connection (1): ilm-dev-ed.my.salesforce.com
Starting new HTTPS connection (1): ilm-dev-ed.my.salesforce.com
Starting new HTTPS connection (1): ilm-dev-ed.my.salesforce.com
Starting new HTTPS connection (1): ilm-dev-ed.my.salesforce.com
Starting new HTTPS connection (1): ilm-dev-ed.my.salesforce.com
Starting new HTTPS connection (1): ilm-dev-ed.my.salesforce.com
Starting new HTTPS connection (1): ilm-dev-ed.my.salesforce.com
Starting new HTTPS connection (1): ilm-dev-ed.my.salesforce.com
Starting new HTTPS connection (1): ilm-dev-ed.my.salesforce.com
Starting new HTTPS connection (1): ilm-dev-ed.my.salesforce.com
Starting new HTTPS connection (1): ilm-dev-ed.my.salesforce.com
Starting new HTTPS connection (1): ilm-dev-ed.my.salesforce.com
Starting new HTTPS connection (1): ilm-dev-ed.my.salesforce.com
Starting new HTTPS connection (1): ilm-dev-ed.my.salesforce.com
Starting new HTTPS connection (1): ilm-dev-ed.my.salesforce.com
Starting new HTTPS connection (1): ilm-dev-ed.my.salesforce.com
Starting new HTTPS connection (1): ilm-dev-ed.my.salesforce.com
Starting new HTTPS connection (1): ilm-dev-ed.my.salesforce.com
Starting new HTTPS connection (1): ilm-dev-ed.my.salesforce.com
Starting new HTTPS connection (1): ilm-dev-ed.my.salesforce.com
Starting new HTTPS connection (1): ilm-dev-ed.my.salesforce.com
Starting new HTTPS connection (1): ilm-dev-ed.my.salesforce.com
Starting new HTTPS connection (1): ilm-dev-ed.my.salesforce.com
Starting new HTTPS connection (1): ilm-dev-ed.my.salesforce.com
Starting new HTTPS connection (1): ilm-dev-ed.my.salesforce.com
Starting new HTTPS connection (1): ilm-dev-ed.my.salesforce.com
Starting new HTTPS connection (1): ilm-dev-ed.my.salesforce.com
Starting new HTTPS connection (1): ilm-dev-ed.my.salesforce.com
Starting new HTTPS connection (1): ilm-dev-ed.my.salesforce.com
Starting new HTTPS connection (1): ilm-dev-ed.my.salesforce.com
Starting new HTTPS connection (1): ilm-dev-ed.my.salesforce.com
Starting new HTTPS connection (1): ilm-dev-ed.my.salesforce.com
Starting new HTTPS connection (1): ilm-dev-ed.my.salesforce.com
Starting new HTTPS connection (1): ilm-dev-ed.my.salesforce.com
Starting new HTTPS connection (1): ilm-dev-ed.my.salesforce.com
Starting new HTTPS connection (1): ilm-dev-ed.my.salesforce.com
Starting new HTTPS connection (1): ilm-dev-ed.my.salesforce.com
Starting new HTTPS connection (1): ilm-dev-ed.my.salesforce.com
Starting new HTTPS connection (1): ilm-dev-ed.my.salesforce.com
Starting new HTTPS connection (1): ilm-dev-ed.my.salesforce.com
Starting new HTTPS connection (1): ilm-dev-ed.my.salesforce.com
Starting new HTTPS connection (1): ilm-dev-ed.my.salesforce.com
Starting new HTTPS connection (1): ilm-dev-ed.my.salesforce.com
Starting new HTTPS connection (1): ilm-dev-ed.my.salesforce.com
Starting new HTTPS connection (1): ilm-dev-ed.my.salesforce.com
Starting new HTTPS connection (1): ilm-dev-ed.my.salesforce.com
Starting new HTTPS connection (1): ilm-dev-ed.my.salesforce.com
Starting new HTTPS connection (1): ilm-dev-ed.my.salesforce.com
Starting new HTTPS connection (1): ilm-dev-ed.my.salesforce.com
Starting new HTTPS connection (1): ilm-dev-ed.my.salesforce.com
Starting new HTTPS connection (1): ilm-dev-ed.my.salesforce.com
Starting new HTTPS connection (1): ilm-dev-ed.my.salesforce.com
Starting new HTTPS connection (1): ilm-dev-ed.my.salesforce.com
Starting new HTTPS connection (1): ilm-dev-ed.my.salesforce.com
Starting new HTTPS connection (1): ilm-dev-ed.my.salesforce.com
Starting new HTTPS connection (1): ilm-dev-ed.my.salesforce.com
Starting new HTTPS connection (1): ilm-dev-ed.my.salesforce.com
Starting new HTTPS connection (1): ilm-dev-ed.my.salesforce.com
Starting new HTTPS connection (1): ilm-dev-ed.my.salesforce.com
Starting new HTTPS connection (1): ilm-dev-ed.my.salesforce.com
Starting new HTTPS connection (1): ilm-dev-ed.my.salesforce.com
Starting new HTTPS connection (1): ilm-dev-ed.my.salesforce.com
Starting new HTTPS connection (1): ilm-dev-ed.my.salesforce.com
Starting new HTTPS connection (1): ilm-dev-ed.my.salesforce.com
Starting new HTTPS connection (1): ilm-dev-ed.my.salesforce.com
Starting new HTTPS connection (1): ilm-dev-ed.my.salesforce.com
Starting new HTTPS connection (1): ilm-dev-ed.my.salesforce.com
Starting new HTTPS connection (1): ilm-dev-ed.my.salesforce.com
Starting new HTTPS connection (1): ilm-dev-ed.my.salesforce.com
Starting new HTTPS connection (1): ilm-dev-ed.my.salesforce.com
Starting new HTTPS connection (1): ilm-dev-ed.my.salesforce.com
Starting new HTTPS connection (1): ilm-dev-ed.my.salesforce.com
Starting new HTTPS connection (1): ilm-dev-ed.my.salesforce.com
Starting new HTTPS connection (1): ilm-dev-ed.my.salesforce.com
Starting new HTTPS connection (1): ilm-dev-ed.my.salesforce.com
Starting new HTTPS connection (1): ilm-dev-ed.my.salesforce.com
Starting new HTTPS connection (1): ilm-dev-ed.my.salesforce.com
Starting new HTTPS connection (1): ilm-dev-ed.my.salesforce.com
Starting new HTTPS connection (1): ilm-dev-ed.my.salesforce.com
Starting new HTTPS connection (1): ilm-dev-ed.my.salesforce.com
Starting new HTTPS connection (1): ilm-dev-ed.my.salesforce.com
Starting new HTTPS connection (1): ilm-dev-ed.my.salesforce.com
Starting new HTTPS connection (1): ilm-dev-ed.my.salesforce.com
Starting new HTTPS connection (1): ilm-dev-ed.my.salesforce.com
Starting new HTTPS connection (1): ilm-dev-ed.my.salesforce.com
Starting new HTTPS connection (1): ilm-dev-ed.my.salesforce.com
Starting new HTTPS connection (1): ilm-dev-ed.my.salesforce.com
Starting new HTTPS connection (1): ilm-dev-ed.my.salesforce.com
Starting new HTTPS connection (1): ilm-dev-ed.my.salesforce.com
Starting new HTTPS connection (1): ilm-dev-ed.my.salesforce.com
Starting new HTTPS connection (1): ilm-dev-ed.my.salesforce.com
Starting new HTTPS connection (1): ilm-dev-ed.my.salesforce.com
Starting new HTTPS connection (1): ilm-dev-ed.my.salesforce.com
Starting new HTTPS connection (1): ilm-dev-ed.my.salesforce.com
Starting new HTTPS connection (1): ilm-dev-ed.my.salesforce.com
Starting new HTTPS connection (1): ilm-dev-ed.my.salesforce.com
Starting new HTTPS connection (1): ilm-dev-ed.my.salesforce.com
Starting new HTTPS connection (1): ilm-dev-ed.my.salesforce.com
Starting new HTTPS connection (1): ilm-dev-ed.my.salesforce.com
Starting new HTTPS connection (1): ilm-dev-ed.my.salesforce.com
Starting new HTTPS connection (1): ilm-dev-ed.my.salesforce.com
Starting new HTTPS connection (1): ilm-dev-ed.my.salesforce.com
Starting new HTTPS connection (1): ilm-dev-ed.my.salesforce.com
Starting new HTTPS connection (1): ilm-dev-ed.my.salesforce.com
Starting new HTTPS connection (1): ilm-dev-ed.my.salesforce.com
Starting new HTTPS connection (1): ilm-dev-ed.my.salesforce.com
Starting new HTTPS connection (1): ilm-dev-ed.my.salesforce.com
Starting new HTTPS connection (1): ilm-dev-ed.my.salesforce.com
Starting new HTTPS connection (1): ilm-dev-ed.my.salesforce.com
Starting new HTTPS connection (1): ilm-dev-ed.my.salesforce.com
Starting new HTTPS connection (1): ilm-dev-ed.my.salesforce.com
Starting new HTTPS connection (1): ilm-dev-ed.my.salesforce.com
Starting new HTTPS connection (1): ilm-dev-ed.my.salesforce.com
Starting new HTTPS connection (1): ilm-dev-ed.my.salesforce.com
Starting new HTTPS connection (1): ilm-dev-ed.my.salesforce.com
Starting new HTTPS connection (1): ilm-dev-ed.my.salesforce.com
Starting new HTTPS connection (1): ilm-dev-ed.my.salesforce.com
Starting new HTTPS connection (1): ilm-dev-ed.my.salesforce.com
Starting new HTTPS connection (1): ilm-dev-ed.my.salesforce.com
Starting new HTTPS connection (1): ilm-dev-ed.my.salesforce.com
Starting new HTTPS connection (1): ilm-dev-ed.my.salesforce.com
Starting new HTTPS connection (1): ilm-dev-ed.my.salesforce.com
Starting new HTTPS connection (1): ilm-dev-ed.my.salesforce.com
Starting new HTTPS connection (1): ilm-dev-ed.my.salesforce.com
Starting new HTTPS connection (1): ilm-dev-ed.my.salesforce.com
Starting new HTTPS connection (1): ilm-dev-ed.my.salesforce.com
Starting new HTTPS connection (1): ilm-dev-ed.my.salesforce.com
Starting new HTTPS connection (1): ilm-dev-ed.my.salesforce.com
Starting new HTTPS connection (1): ilm-dev-ed.my.salesforce.com
Starting new HTTPS connection (1): ilm-dev-ed.my.salesforce.com
Starting new HTTPS connection (1): ilm-dev-ed.my.salesforce.com
Starting new HTTPS connection (1): ilm-dev-ed.my.salesforce.com
Starting new HTTPS connection (1): ilm-dev-ed.my.salesforce.com
Starting new HTTPS connection (1): ilm-dev-ed.my.salesforce.com
Starting new HTTPS connection (1): ilm-dev-ed.my.salesforce.com
Starting new HTTPS connection (1): ilm-dev-ed.my.salesforce.com
Starting new HTTPS connection (1): ilm-dev-ed.my.salesforce.com
Starting new HTTPS connection (1): ilm-dev-ed.my.salesforce.com
Starting new HTTPS connection (1): ilm-dev-ed.my.salesforce.com
Starting new HTTPS connection (1): ilm-dev-ed.my.salesforce.com
Starting new HTTPS connection (1): ilm-dev-ed.my.salesforce.com
Starting new HTTPS connection (1): ilm-dev-ed.my.salesforce.com
Starting new HTTPS connection (1): ilm-dev-ed.my.salesforce.com
Starting new HTTPS connection (1): ilm-dev-ed.my.salesforce.com
Starting new HTTPS connection (1): ilm-dev-ed.my.salesforce.com
Starting new HTTPS connection (1): ilm-dev-ed.my.salesforce.com
Starting new HTTPS connection (1): ilm-dev-ed.my.salesforce.com
Starting new HTTPS connection (1): ilm-dev-ed.my.salesforce.com
Starting new HTTPS connection (1): ilm-dev-ed.my.salesforce.com
Starting new HTTPS connection (1): ilm-dev-ed.my.salesforce.com
Starting new HTTPS connection (1): ilm-dev-ed.my.salesforce.com
Starting new HTTPS connection (1): ilm-dev-ed.my.salesforce.com
Starting new HTTPS connection (1): ilm-dev-ed.my.salesforce.com
Starting new HTTPS connection (1): ilm-dev-ed.my.salesforce.com
Starting new HTTPS connection (1): ilm-dev-ed.my.salesforce.com
Starting new HTTPS connection (1): ilm-dev-ed.my.salesforce.com
Starting new HTTPS connection (1): ilm-dev-ed.my.salesforce.com
Starting new HTTPS connection (1): ilm-dev-ed.my.salesforce.com
Starting new HTTPS connection (1): ilm-dev-ed.my.salesforce.com
Starting new HTTPS connection (1): ilm-dev-ed.my.salesforce.com
Starting new HTTPS connection (1): ilm-dev-ed.my.salesforce.com
Starting new HTTPS connection (1): ilm-dev-ed.my.salesforce.com
Starting new HTTPS connection (1): ilm-dev-ed.my.salesforce.com
Starting new HTTPS connection (1): ilm-dev-ed.my.salesforce.com
Starting new HTTPS connection (1): ilm-dev-ed.my.salesforce.com
Starting new HTTPS connection (1): ilm-dev-ed.my.salesforce.com
Starting new HTTPS connection (1): ilm-dev-ed.my.salesforce.com
Starting new HTTPS connection (1): ilm-dev-ed.my.salesforce.com
Starting new HTTPS connection (1): ilm-dev-ed.my.salesforce.com
Starting new HTTPS connection (1): ilm-dev-ed.my.salesforce.com
Starting new HTTPS connection (1): ilm-dev-ed.my.salesforce.com
Starting new HTTPS connection (1): ilm-dev-ed.my.salesforce.com
Starting new HTTPS connection (1): ilm-dev-ed.my.salesforce.com
Starting new HTTPS connection (1): ilm-dev-ed.my.salesforce.com
Starting new HTTPS connection (1): ilm-dev-ed.my.salesforce.com
Starting new HTTPS connection (1): ilm-dev-ed.my.salesforce.com
Starting new HTTPS connection (1): ilm-dev-ed.my.salesforce.com
Starting new HTTPS connection (1): ilm-dev-ed.my.salesforce.com
Starting new HTTPS connection (1): ilm-dev-ed.my.salesforce.com
Starting new HTTPS connection (1): ilm-dev-ed.my.salesforce.com
Starting new HTTPS connection (1): ilm-dev-ed.my.salesforce.com
Starting new HTTPS connection (1): ilm-dev-ed.my.salesforce.com
Starting new HTTPS connection (1): ilm-dev-ed.my.salesforce.com
Starting new HTTPS connection (1): ilm-dev-ed.my.salesforce.com
Starting new HTTPS connection (1): ilm-dev-ed.my.salesforce.com
Starting new HTTPS connection (1): ilm-dev-ed.my.salesforce.com
Starting new HTTPS connection (1): ilm-dev-ed.my.salesforce.com
Starting new HTTPS connection (1): ilm-dev-ed.my.salesforce.com
Starting new HTTPS connection (1): ilm-dev-ed.my.salesforce.com
Starting new HTTPS connection (1): ilm-dev-ed.my.salesforce.com
Starting new HTTPS connection (1): ilm-dev-ed.my.salesforce.com
Starting new HTTPS connection (1): ilm-dev-ed.my.salesforce.com
Starting new HTTPS connection (1): ilm-dev-ed.my.salesforce.com
Starting new HTTPS connection (1): ilm-dev-ed.my.salesforce.com
Starting new HTTPS connection (1): ilm-dev-ed.my.salesforce.com
Starting new HTTPS connection (1): ilm-dev-ed.my.salesforce.com
Starting new HTTPS connection (1): ilm-dev-ed.my.salesforce.com
Starting new HTTPS connection (1): ilm-dev-ed.my.salesforce.com
Starting new HTTPS connection (1): ilm-dev-ed.my.salesforce.com
Starting new HTTPS connection (1): ilm-dev-ed.my.salesforce.com
Starting new HTTPS connection (1): ilm-dev-ed.my.salesforce.com
Starting new HTTPS connection (1): ilm-dev-ed.my.salesforce.com
Starting new HTTPS connection (1): ilm-dev-ed.my.salesforce.com
Starting new HTTPS connection (1): ilm-dev-ed.my.salesforce.com
Starting new HTTPS connection (1): ilm-dev-ed.my.salesforce.com
Starting new HTTPS connection (1): ilm-dev-ed.my.salesforce.com
Starting new HTTPS connection (1): ilm-dev-ed.my.salesforce.com
Starting new HTTPS connection (1): ilm-dev-ed.my.salesforce.com
Starting new HTTPS connection (1): ilm-dev-ed.my.salesforce.com
Starting new HTTPS connection (1): ilm-dev-ed.my.salesforce.com
Starting new HTTPS connection (1): ilm-dev-ed.my.salesforce.com
Starting new HTTPS connection (1): ilm-dev-ed.my.salesforce.com
Starting new HTTPS connection (1): ilm-dev-ed.my.salesforce.com
Starting new HTTPS connection (1): ilm-dev-ed.my.salesforce.com
Starting new HTTPS connection (1): ilm-dev-ed.my.salesforce.com
Starting new HTTPS connection (1): ilm-dev-ed.my.salesforce.com
Starting new HTTPS connection (1): ilm-dev-ed.my.salesforce.com
Starting new HTTPS connection (1): ilm-dev-ed.my.salesforce.com
Starting new HTTPS connection (1): ilm-dev-ed.my.salesforce.com
Starting new HTTPS connection (1): ilm-dev-ed.my.salesforce.com
Starting new HTTPS connection (1): ilm-dev-ed.my.salesforce.com
Starting new HTTPS connection (1): ilm-dev-ed.my.salesforce.com
Starting new HTTPS connection (1): ilm-dev-ed.my.salesforce.com
Starting new HTTPS connection (1): ilm-dev-ed.my.salesforce.com
Starting new HTTPS connection (1): ilm-dev-ed.my.salesforce.com
Starting new HTTPS connection (1): ilm-dev-ed.my.salesforce.com
Starting new HTTPS connection (1): ilm-dev-ed.my.salesforce.com
Starting new HTTPS connection (1): ilm-dev-ed.my.salesforce.com
Starting new HTTPS connection (1): ilm-dev-ed.my.salesforce.com
Starting new HTTPS connection (1): ilm-dev-ed.my.salesforce.com
Starting new HTTPS connection (1): ilm-dev-ed.my.salesforce.com
Starting new HTTPS connection (1): ilm-dev-ed.my.salesforce.com
Starting new HTTPS connection (1): ilm-dev-ed.my.salesforce.com
Starting new HTTPS connection (1): ilm-dev-ed.my.salesforce.com
Starting new HTTPS connection (1): ilm-dev-ed.my.salesforce.com
Starting new HTTPS connection (1): ilm-dev-ed.my.salesforce.com
Starting new HTTPS connection (1): ilm-dev-ed.my.salesforce.com
Starting new HTTPS connection (1): ilm-dev-ed.my.salesforce.com
Starting new HTTPS connection (1): ilm-dev-ed.my.salesforce.com
Starting new HTTPS connection (1): ilm-dev-ed.my.salesforce.com
Starting new HTTPS connection (1): ilm-dev-ed.my.salesforce.com
Starting new HTTPS connection (1): ilm-dev-ed.my.salesforce.com
Starting new HTTPS connection (1): ilm-dev-ed.my.salesforce.com
Starting new HTTPS connection (1): ilm-dev-ed.my.salesforce.com
Starting new HTTPS connection (1): ilm-dev-ed.my.salesforce.com
Starting new HTTPS connection (1): ilm-dev-ed.my.salesforce.com
Starting new HTTPS connection (1): ilm-dev-ed.my.salesforce.com
Starting new HTTPS connection (1): ilm-dev-ed.my.salesforce.com
Starting new HTTPS connection (1): ilm-dev-ed.my.salesforce.com
Starting new HTTPS connection (1): ilm-dev-ed.my.salesforce.com
Starting new HTTPS connection (1): ilm-dev-ed.my.salesforce.com
Starting new HTTPS connection (1): ilm-dev-ed.my.salesforce.com
Starting new HTTPS connection (1): ilm-dev-ed.my.salesforce.com
Starting new HTTPS connection (1): ilm-dev-ed.my.salesforce.com
Starting new HTTPS connection (1): ilm-dev-ed.my.salesforce.com
Starting new HTTPS connection (1): ilm-dev-ed.my.salesforce.com
Starting new HTTPS connection (1): ilm-dev-ed.my.salesforce.com
Starting new HTTPS connection (1): ilm-dev-ed.my.salesforce.com
Starting new HTTPS connection (1): ilm-dev-ed.my.salesforce.com
Starting new HTTPS connection (1): ilm-dev-ed.my.salesforce.com
Starting new HTTPS connection (1): ilm-dev-ed.my.salesforce.com
Starting new HTTPS connection (1): ilm-dev-ed.my.salesforce.com
Starting new HTTPS connection (1): ilm-dev-ed.my.salesforce.com
Starting new HTTPS connection (1): ilm-dev-ed.my.salesforce.com
Starting new HTTPS connection (1): ilm-dev-ed.my.salesforce.com
Starting new HTTPS connection (1): ilm-dev-ed.my.salesforce.com
Starting new HTTPS connection (1): ilm-dev-ed.my.salesforce.com
Starting new HTTPS connection (1): ilm-dev-ed.my.salesforce.com
Starting new HTTPS connection (1): ilm-dev-ed.my.salesforce.com
Starting new HTTPS connection (1): ilm-dev-ed.my.salesforce.com
Starting new HTTPS connection (1): ilm-dev-ed.my.salesforce.com
Starting new HTTPS connection (1): ilm-dev-ed.my.salesforce.com
Starting new HTTPS connection (1): ilm-dev-ed.my.salesforce.com
Starting new HTTPS connection (1): ilm-dev-ed.my.salesforce.com
Starting new HTTPS connection (1): ilm-dev-ed.my.salesforce.com
Starting new HTTPS connection (1): ilm-dev-ed.my.salesforce.com
Starting new HTTPS connection (1): ilm-dev-ed.my.salesforce.com
Starting new HTTPS connection (1): ilm-dev-ed.my.salesforce.com
Starting new HTTPS connection (1): ilm-dev-ed.my.salesforce.com
Starting new HTTPS connection (1): ilm-dev-ed.my.salesforce.com
Starting new HTTPS connection (1): ilm-dev-ed.my.salesforce.com
Starting new HTTPS connection (1): ilm-dev-ed.my.salesforce.com
Starting new HTTPS connection (1): ilm-dev-ed.my.salesforce.com
Starting new HTTPS connection (1): ilm-dev-ed.my.salesforce.com
Starting new HTTPS connection (1): ilm-dev-ed.my.salesforce.com
Starting new HTTPS connection (1): ilm-dev-ed.my.salesforce.com
Starting new HTTPS connection (1): ilm-dev-ed.my.salesforce.com
Starting new HTTPS connection (1): ilm-dev-ed.my.salesforce.com
Starting new HTTPS connection (1): ilm-dev-ed.my.salesforce.com
Starting new HTTPS connection (1): ilm-dev-ed.my.salesforce.com
Starting new HTTPS connection (1): ilm-dev-ed.my.salesforce.com
Starting new HTTPS connection (1): ilm-dev-ed.my.salesforce.com
Starting new HTTPS connection (1): ilm-dev-ed.my.salesforce.com
Starting new HTTPS connection (1): ilm-dev-ed.my.salesforce.com
Starting new HTTPS connection (1): ilm-dev-ed.my.salesforce.com
Starting new HTTPS connection (1): ilm-dev-ed.my.salesforce.com
Starting new HTTPS connection (1): ilm-dev-ed.my.salesforce.com
Starting new HTTPS connection (1): ilm-dev-ed.my.salesforce.com
Starting new HTTPS connection (1): ilm-dev-ed.my.salesforce.com
Starting new HTTPS connection (1): ilm-dev-ed.my.salesforce.com
Starting new HTTPS connection (1): ilm-dev-ed.my.salesforce.com
Starting new HTTPS connection (1): ilm-dev-ed.my.salesforce.com
Starting new HTTPS connection (1): ilm-dev-ed.my.salesforce.com
Starting new HTTPS connection (1): ilm-dev-ed.my.salesforce.com
Starting new HTTPS connection (1): ilm-dev-ed.my.salesforce.com
Starting new HTTPS connection (1): ilm-dev-ed.my.salesforce.com
Starting new HTTPS connection (1): ilm-dev-ed.my.salesforce.com
Starting new HTTPS connection (1): ilm-dev-ed.my.salesforce.com
Starting new HTTPS connection (1): ilm-dev-ed.my.salesforce.com
Starting new HTTPS connection (1): ilm-dev-ed.my.salesforce.com
Starting new HTTPS connection (1): ilm-dev-ed.my.salesforce.com
Starting new HTTPS connection (1): ilm-dev-ed.my.salesforce.com
Starting new HTTPS connection (1): ilm-dev-ed.my.salesforce.com
Starting new HTTPS connection (1): ilm-dev-ed.my.salesforce.com
Starting new HTTPS connection (1): ilm-dev-ed.my.salesforce.com
Starting new HTTPS connection (1): ilm-dev-ed.my.salesforce.com
Starting new HTTPS connection (1): ilm-dev-ed.my.salesforce.com
Starting new HTTPS connection (1): ilm-dev-ed.my.salesforce.com
Starting new HTTPS connection (1): ilm-dev-ed.my.salesforce.com
Starting new HTTPS connection (1): ilm-dev-ed.my.salesforce.com
Starting new HTTPS connection (1): ilm-dev-ed.my.salesforce.com
Starting new HTTPS connection (1): ilm-dev-ed.my.salesforce.com
Starting new HTTPS connection (1): ilm-dev-ed.my.salesforce.com
Starting new HTTPS connection (1): ilm-dev-ed.my.salesforce.com
Starting new HTTPS connection (1): ilm-dev-ed.my.salesforce.com
Starting new HTTPS connection (1): ilm-dev-ed.my.salesforce.com
Starting new HTTPS connection (1): ilm-dev-ed.my.salesforce.com
Starting new HTTPS connection (1): ilm-dev-ed.my.salesforce.com
Starting new HTTPS connection (1): ilm-dev-ed.my.salesforce.com
Starting new HTTPS connection (1): ilm-dev-ed.my.salesforce.com
Starting new HTTPS connection (1): ilm-dev-ed.my.salesforce.com
Starting new HTTPS connection (1): ilm-dev-ed.my.salesforce.com
Starting new HTTPS connection (1): ilm-dev-ed.my.salesforce.com
Starting new HTTPS connection (1): ilm-dev-ed.my.salesforce.com
Starting new HTTPS connection (1): ilm-dev-ed.my.salesforce.com
Starting new HTTPS connection (1): ilm-dev-ed.my.salesforce.com
Starting new HTTPS connection (1): ilm-dev-ed.my.salesforce.com
Starting new HTTPS connection (1): ilm-dev-ed.my.salesforce.com
Starting new HTTPS connection (1): ilm-dev-ed.my.salesforce.com
Starting new HTTPS connection (1): ilm-dev-ed.my.salesforce.com
Starting new HTTPS connection (1): ilm-dev-ed.my.salesforce.com
Starting new HTTPS connection (1): ilm-dev-ed.my.salesforce.com
Starting new HTTPS connection (1): ilm-dev-ed.my.salesforce.com
Starting new HTTPS connection (1): ilm-dev-ed.my.salesforce.com
Starting new HTTPS connection (1): ilm-dev-ed.my.salesforce.com
Starting new HTTPS connection (1): ilm-dev-ed.my.salesforce.com
Starting new HTTPS connection (1): ilm-dev-ed.my.salesforce.com
Starting new HTTPS connection (1): ilm-dev-ed.my.salesforce.com
Starting new HTTPS connection (1): ilm-dev-ed.my.salesforce.com
Starting new HTTPS connection (1): ilm-dev-ed.my.salesforce.com
Starting new HTTPS connection (1): ilm-dev-ed.my.salesforce.com
Starting new HTTPS connection (1): ilm-dev-ed.my.salesforce.com
Starting new HTTPS connection (1): ilm-dev-ed.my.salesforce.com
Starting new HTTPS connection (1): ilm-dev-ed.my.salesforce.com
Starting new HTTPS connection (1): ilm-dev-ed.my.salesforce.com
Starting new HTTPS connection (1): ilm-dev-ed.my.salesforce.com
Starting new HTTPS connection (1): ilm-dev-ed.my.salesforce.com
Starting new HTTPS connection (1): ilm-dev-ed.my.salesforce.com
Starting new HTTPS connection (1): ilm-dev-ed.my.salesforce.com
Starting new HTTPS connection (1): ilm-dev-ed.my.salesforce.com
Starting new HTTPS connection (1): ilm-dev-ed.my.salesforce.com
Starting new HTTPS connection (1): ilm-dev-ed.my.salesforce.com
Starting new HTTPS connection (1): ilm-dev-ed.my.salesforce.com
Starting new HTTPS connection (1): ilm-dev-ed.my.salesforce.com
Starting new HTTPS connection (1): ilm-dev-ed.my.salesforce.com
Starting new HTTPS connection (1): ilm-dev-ed.my.salesforce.com
Starting new HTTPS connection (1): ilm-dev-ed.my.salesforce.com
Starting new HTTPS connection (1): ilm-dev-ed.my.salesforce.com
Starting new HTTPS connection (1): ilm-dev-ed.my.salesforce.com
Starting new HTTPS connection (1): ilm-dev-ed.my.salesforce.com
Starting new HTTPS connection (1): ilm-dev-ed.my.salesforce.com
Starting new HTTPS connection (1): ilm-dev-ed.my.salesforce.com
Starting new HTTPS connection (1): ilm-dev-ed.my.salesforce.com
Starting new HTTPS connection (1): ilm-dev-ed.my.salesforce.com
Starting new HTTPS connection (1): ilm-dev-ed.my.salesforce.com
Starting new HTTPS connection (1): ilm-dev-ed.my.salesforce.com
Starting new HTTPS connection (1): ilm-dev-ed.my.salesforce.com
Starting new HTTPS connection (1): ilm-dev-ed.my.salesforce.com
Starting new HTTPS connection (1): ilm-dev-ed.my.salesforce.com
Starting new HTTPS connection (1): ilm-dev-ed.my.salesforce.com
Starting new HTTPS connection (1): ilm-dev-ed.my.salesforce.com
Starting new HTTPS connection (1): ilm-dev-ed.my.salesforce.com
Starting new HTTPS connection (1): ilm-dev-ed.my.salesforce.com
Starting new HTTPS connection (1): ilm-dev-ed.my.salesforce.com
Starting new HTTPS connection (1): ilm-dev-ed.my.salesforce.com
Starting new HTTPS connection (1): ilm-dev-ed.my.salesforce.com
Starting new HTTPS connection (1): ilm-dev-ed.my.salesforce.com
Starting new HTTPS connection (1): ilm-dev-ed.my.salesforce.com
Starting new HTTPS connection (1): ilm-dev-ed.my.salesforce.com
Starting new HTTPS connection (1): ilm-dev-ed.my.salesforce.com
Starting new HTTPS connection (1): ilm-dev-ed.my.salesforce.com
Starting new HTTPS connection (1): ilm-dev-ed.my.salesforce.com
Starting new HTTPS connection (1): ilm-dev-ed.my.salesforce.com
Starting new HTTPS connection (1): ilm-dev-ed.my.salesforce.com
Starting new HTTPS connection (1): ilm-dev-ed.my.salesforce.com
Starting new HTTPS connection (1): ilm-dev-ed.my.salesforce.com
Starting new HTTPS connection (1): ilm-dev-ed.my.salesforce.com
Starting new HTTPS connection (1): ilm-dev-ed.my.salesforce.com
Starting new HTTPS connection (1): ilm-dev-ed.my.salesforce.com
Starting new HTTPS connection (1): ilm-dev-ed.my.salesforce.com
Starting new HTTPS connection (1): ilm-dev-ed.my.salesforce.com
Starting new HTTPS connection (1): ilm-dev-ed.my.salesforce.com
Starting new HTTPS connection (1): ilm-dev-ed.my.salesforce.com
Starting new HTTPS connection (1): ilm-dev-ed.my.salesforce.com
Starting new HTTPS connection (1): ilm-dev-ed.my.salesforce.com
Starting new HTTPS connection (1): ilm-dev-ed.my.salesforce.com
Starting new HTTPS connection (1): ilm-dev-ed.my.salesforce.com
Starting new HTTPS connection (1): ilm-dev-ed.my.salesforce.com
Starting new HTTPS connection (1): ilm-dev-ed.my.salesforce.com
Starting new HTTPS connection (1): ilm-dev-ed.my.salesforce.com
Starting new HTTPS connection (1): ilm-dev-ed.my.salesforce.com
Starting new HTTPS connection (1): ilm-dev-ed.my.salesforce.com
Starting new HTTPS connection (1): ilm-dev-ed.my.salesforce.com
Starting new HTTPS connection (1): ilm-dev-ed.my.salesforce.com
Starting new HTTPS connection (1): ilm-dev-ed.my.salesforce.com
Starting new HTTPS connection (1): ilm-dev-ed.my.salesforce.com
[MAVENSMATE CAUGHT ERROR]
Traceback (most recent call last):
  File "/Users/josephferraro/Development/Github/mm/build/mm/out00-PYZ.pyz/mm.commands.metadata", line 404, in execute
  File "/Users/josephferraro/Development/Github/mm/build/mm/out00-PYZ.pyz/mm.sfdc_client", line 191, in deploy
  File "/Users/josephferraro/Development/Github/mm/build/mm/out00-PYZ.pyz/mm.sforce.metadata", line 232, in deploy
  File "/Users/josephferraro/Development/Github/mm/build/mm/out00-PYZ.pyz/mm.sforce.metadata", line 507, in _waitForRequest
  File "/Users/josephferraro/Development/Github/mm/build/mm/out00-PYZ.pyz/suds.client", line 542, in __call__
  File "/Users/josephferraro/Development/Github/mm/build/mm/out00-PYZ.pyz/suds.client", line 602, in invoke
  File "/Users/josephferraro/Development/Github/mm/build/mm/out00-PYZ.pyz/suds.client", line 637, in send
  File "/Users/josephferraro/Development/Github/mm/build/mm/out00-PYZ.pyz/suds.transport.http", line 77, in send
  File "/Users/josephferraro/Development/Github/mm/build/mm/out00-PYZ.pyz/suds.transport.http", line 118, in u2open
  File "/Users/josephferraro/Development/Github/mm/build/mm/out00-PYZ.pyz/urllib2", line 400, in open
  File "/Users/josephferraro/Development/Github/mm/build/mm/out00-PYZ.pyz/urllib2", line 418, in _open
  File "/Users/josephferraro/Development/Github/mm/build/mm/out00-PYZ.pyz/urllib2", line 378, in _call_chain
  File "/Users/josephferraro/Development/Github/mm/build/mm/out00-PYZ.pyz/urllib2", line 1215, in https_open
  File "/Users/josephferraro/Development/Github/mm/build/mm/out00-PYZ.pyz/urllib2", line 1177, in do_open
URLError: <urlopen error [Errno 8] nodename nor servname provided, or not known>
[MAVENSMATE CAUGHT ERROR]
Traceback (most recent call last):
  File "/Users/josephferraro/Development/Github/mm/build/mm/out00-PYZ.pyz/mm.commands.metadata", line 404, in execute
  File "/Users/josephferraro/Development/Github/mm/build/mm/out00-PYZ.pyz/mm.sfdc_client", line 191, in deploy
  File "/Users/josephferraro/Development/Github/mm/build/mm/out00-PYZ.pyz/mm.sforce.metadata", line 232, in deploy
  File "/Users/josephferraro/Development/Github/mm/build/mm/out00-PYZ.pyz/mm.sforce.metadata", line 507, in _waitForRequest
  File "/Users/josephferraro/Development/Github/mm/build/mm/out00-PYZ.pyz/suds.client", line 542, in __call__
  File "/Users/josephferraro/Development/Github/mm/build/mm/out00-PYZ.pyz/suds.client", line 602, in invoke
  File "/Users/josephferraro/Development/Github/mm/build/mm/out00-PYZ.pyz/suds.client", line 637, in send
  File "/Users/josephferraro/Development/Github/mm/build/mm/out00-PYZ.pyz/suds.transport.http", line 77, in send
  File "/Users/josephferraro/Development/Github/mm/build/mm/out00-PYZ.pyz/suds.transport.http", line 118, in u2open
  File "/Users/josephferraro/Development/Github/mm/build/mm/out00-PYZ.pyz/urllib2", line 400, in open
  File "/Users/josephferraro/Development/Github/mm/build/mm/out00-PYZ.pyz/urllib2", line 418, in _open
  File "/Users/josephferraro/Development/Github/mm/build/mm/out00-PYZ.pyz/urllib2", line 378, in _call_chain
  File "/Users/josephferraro/Development/Github/mm/build/mm/out00-PYZ.pyz/urllib2", line 1215, in https_open
  File "/Users/josephferraro/Development/Github/mm/build/mm/out00-PYZ.pyz/urllib2", line 1177, in do_open
URLError: <urlopen error [Errno 8] nodename nor servname provided, or not known>
[MAVENSMATE CAUGHT ERROR]
Traceback (most recent call last):
  File "/Users/josephferraro/Development/Github/mm/build/mm/out00-PYZ.pyz/mm.commands.metadata", line 404, in execute
  File "/Users/josephferraro/Development/Github/mm/build/mm/out00-PYZ.pyz/mm.sfdc_client", line 191, in deploy
  File "/Users/josephferraro/Development/Github/mm/build/mm/out00-PYZ.pyz/mm.sforce.metadata", line 232, in deploy
  File "/Users/josephferraro/Development/Github/mm/build/mm/out00-PYZ.pyz/mm.sforce.metadata", line 507, in _waitForRequest
  File "/Users/josephferraro/Development/Github/mm/build/mm/out00-PYZ.pyz/suds.client", line 542, in __call__
  File "/Users/josephferraro/Development/Github/mm/build/mm/out00-PYZ.pyz/suds.client", line 602, in invoke
  File "/Users/josephferraro/Development/Github/mm/build/mm/out00-PYZ.pyz/suds.client", line 637, in send
  File "/Users/josephferraro/Development/Github/mm/build/mm/out00-PYZ.pyz/suds.transport.http", line 77, in send
  File "/Users/josephferraro/Development/Github/mm/build/mm/out00-PYZ.pyz/suds.transport.http", line 118, in u2open
  File "/Users/josephferraro/Development/Github/mm/build/mm/out00-PYZ.pyz/urllib2", line 400, in open
  File "/Users/josephferraro/Development/Github/mm/build/mm/out00-PYZ.pyz/urllib2", line 418, in _open
  File "/Users/josephferraro/Development/Github/mm/build/mm/out00-PYZ.pyz/urllib2", line 378, in _call_chain
  File "/Users/josephferraro/Development/Github/mm/build/mm/out00-PYZ.pyz/urllib2", line 1215, in https_open
  File "/Users/josephferraro/Development/Github/mm/build/mm/out00-PYZ.pyz/urllib2", line 1177, in do_open
URLError: <urlopen error [Errno 8] nodename nor servname provided, or not known>
[MAVENSMATE CAUGHT ERROR]
Traceback (most recent call last):
  File "/Users/josephferraro/Development/Github/mm/build/mm/out00-PYZ.pyz/mm.commands.metadata", line 404, in execute
  File "/Users/josephferraro/Development/Github/mm/build/mm/out00-PYZ.pyz/mm.sfdc_client", line 191, in deploy
  File "/Users/josephferraro/Development/Github/mm/build/mm/out00-PYZ.pyz/mm.sforce.metadata", line 232, in deploy
  File "/Users/josephferraro/Development/Github/mm/build/mm/out00-PYZ.pyz/mm.sforce.metadata", line 507, in _waitForRequest
  File "/Users/josephferraro/Development/Github/mm/build/mm/out00-PYZ.pyz/suds.client", line 542, in __call__
  File "/Users/josephferraro/Development/Github/mm/build/mm/out00-PYZ.pyz/suds.client", line 602, in invoke
  File "/Users/josephferraro/Development/Github/mm/build/mm/out00-PYZ.pyz/suds.client", line 637, in send
  File "/Users/josephferraro/Development/Github/mm/build/mm/out00-PYZ.pyz/suds.transport.http", line 77, in send
  File "/Users/josephferraro/Development/Github/mm/build/mm/out00-PYZ.pyz/suds.transport.http", line 118, in u2open
  File "/Users/josephferraro/Development/Github/mm/build/mm/out00-PYZ.pyz/urllib2", line 400, in open
  File "/Users/josephferraro/Development/Github/mm/build/mm/out00-PYZ.pyz/urllib2", line 418, in _open
  File "/Users/josephferraro/Development/Github/mm/build/mm/out00-PYZ.pyz/urllib2", line 378, in _call_chain
  File "/Users/josephferraro/Development/Github/mm/build/mm/out00-PYZ.pyz/urllib2", line 1215, in https_open
  File "/Users/josephferraro/Development/Github/mm/build/mm/out00-PYZ.pyz/urllib2", line 1177, in do_open
URLError: <urlopen error [Errno 8] nodename nor servname provided, or not known>
[MAVENSMATE CAUGHT ERROR]
Traceback (most recent call last):
  File "/Users/josephferraro/Development/Github/mm/build/mm/out00-PYZ.pyz/mm.commands.metadata", line 404, in execute
  File "/Users/josephferraro/Development/Github/mm/build/mm/out00-PYZ.pyz/mm.sfdc_client", line 191, in deploy
  File "/Users/josephferraro/Development/Github/mm/build/mm/out00-PYZ.pyz/mm.sforce.metadata", line 232, in deploy
  File "/Users/josephferraro/Development/Github/mm/build/mm/out00-PYZ.pyz/mm.sforce.metadata", line 507, in _waitForRequest
  File "/Users/josephferraro/Development/Github/mm/build/mm/out00-PYZ.pyz/suds.client", line 542, in __call__
  File "/Users/josephferraro/Development/Github/mm/build/mm/out00-PYZ.pyz/suds.client", line 602, in invoke
  File "/Users/josephferraro/Development/Github/mm/build/mm/out00-PYZ.pyz/suds.client", line 637, in send
  File "/Users/josephferraro/Development/Github/mm/build/mm/out00-PYZ.pyz/suds.transport.http", line 77, in send
  File "/Users/josephferraro/Development/Github/mm/build/mm/out00-PYZ.pyz/suds.transport.http", line 118, in u2open
  File "/Users/josephferraro/Development/Github/mm/build/mm/out00-PYZ.pyz/urllib2", line 400, in open
  File "/Users/josephferraro/Development/Github/mm/build/mm/out00-PYZ.pyz/urllib2", line 418, in _open
  File "/Users/josephferraro/Development/Github/mm/build/mm/out00-PYZ.pyz/urllib2", line 378, in _call_chain
  File "/Users/josephferraro/Development/Github/mm/build/mm/out00-PYZ.pyz/urllib2", line 1215, in https_open
  File "/Users/josephferraro/Development/Github/mm/build/mm/out00-PYZ.pyz/urllib2", line 1177, in do_open
URLError: <urlopen error [Errno 8] nodename nor servname provided, or not known>
Starting new HTTPS connection (1): ilm-dev-ed.my.salesforce.com
Starting new HTTPS connection (1): ilm-dev-ed.my.salesforce.com
Starting new HTTPS connection (1): ilm-dev-ed.my.salesforce.com
Starting new HTTPS connection (1): ilm-dev-ed.my.salesforce.com
Starting new HTTPS connection (1): ilm-dev-ed.my.salesforce.com
Starting new HTTPS connection (1): ilm-dev-ed.my.salesforce.com
Starting new HTTPS connection (1): ilm-dev-ed.my.salesforce.com
Starting new HTTPS connection (1): ilm-dev-ed.my.salesforce.com
Starting new HTTPS connection (1): ilm-dev-ed.my.salesforce.com
Starting new HTTPS connection (1): ilm-dev-ed.my.salesforce.com
Starting new HTTPS connection (1): ilm-dev-ed.my.salesforce.com
Starting new HTTPS connection (1): ilm-dev-ed.my.salesforce.com
Starting new HTTPS connection (1): ilm-dev-ed.my.salesforce.com
Starting new HTTPS connection (1): ilm-dev-ed.my.salesforce.com
Starting new HTTPS connection (1): ilm-dev-ed.my.salesforce.com
Starting new HTTPS connection (1): ilm-dev-ed.my.salesforce.com
Starting new HTTPS connection (1): ilm-dev-ed.my.salesforce.com
Starting new HTTPS connection (1): ilm-dev-ed.my.salesforce.com
Starting new HTTPS connection (1): ilm-dev-ed.my.salesforce.com
Starting new HTTPS connection (1): ilm-dev-ed.my.salesforce.com
Starting new HTTPS connection (1): ilm-dev-ed.my.salesforce.com
Starting new HTTPS connection (1): ilm-dev-ed.my.salesforce.com
Starting new HTTPS connection (1): ilm-dev-ed.my.salesforce.com
Starting new HTTPS connection (1): ilm-dev-ed.my.salesforce.com
Starting new HTTPS connection (1): ilm-dev-ed.my.salesforce.com
Starting new HTTPS connection (1): ilm-dev-ed.my.salesforce.com
Starting new HTTPS connection (1): ilm-dev-ed.my.salesforce.com
Starting new HTTPS connection (1): ilm-dev-ed.my.salesforce.com
Starting new HTTPS connection (1): ilm-dev-ed.my.salesforce.com
Starting new HTTPS connection (1): ilm-dev-ed.my.salesforce.com
Starting new HTTPS connection (1): ilm-dev-ed.my.salesforce.com
Starting new HTTPS connection (1): ilm-dev-ed.my.salesforce.com
Starting new HTTPS connection (1): ilm-dev-ed.my.salesforce.com
Starting new HTTPS connection (1): ilm-dev-ed.my.salesforce.com
Starting new HTTPS connection (1): ilm-dev-ed.my.salesforce.com
Starting new HTTPS connection (1): ilm-dev-ed.my.salesforce.com
Starting new HTTPS connection (1): ilm-dev-ed.my.salesforce.com
Starting new HTTPS connection (1): ilm-dev-ed.my.salesforce.com
Starting new HTTPS connection (1): ilm-dev-ed.my.salesforce.com
Starting new HTTPS connection (1): ilm-dev-ed.my.salesforce.com
Starting new HTTPS connection (1): ilm-dev-ed.my.salesforce.com
Starting new HTTPS connection (1): ilm-dev-ed.my.salesforce.com
Starting new HTTPS connection (1): ilm-dev-ed.my.salesforce.com
Starting new HTTPS connection (1): ilm-dev-ed.my.salesforce.com
Starting new HTTPS connection (1): ilm-dev-ed.my.salesforce.com
Starting new HTTPS connection (1): ilm-dev-ed.my.salesforce.com
Starting new HTTPS connection (1): ilm-dev-ed.my.salesforce.com
Starting new HTTPS connection (1): ilm-dev-ed.my.salesforce.com
Starting new HTTPS connection (1): ilm-dev-ed.my.salesforce.com
Starting new HTTPS connection (1): ilm-dev-ed.my.salesforce.com
Starting new HTTPS connection (1): ilm-dev-ed.my.salesforce.com
Starting new HTTPS connection (1): ilm-dev-ed.my.salesforce.com
Starting new HTTPS connection (1): ilm-dev-ed.my.salesforce.com
Starting new HTTPS connection (1): ilm-dev-ed.my.salesforce.com
Starting new HTTPS connection (1): ilm-dev-ed.my.salesforce.com
Starting new HTTPS connection (1): ilm-dev-ed.my.salesforce.com
Starting new HTTPS connection (1): ilm-dev-ed.my.salesforce.com
Starting new HTTPS connection (1): ilm-dev-ed.my.salesforce.com
Starting new HTTPS connection (1): ilm-dev-ed.my.salesforce.com
Starting new HTTPS connection (1): ilm-dev-ed.my.salesforce.com
Starting new HTTPS connection (1): ilm-dev-ed.my.salesforce.com
Starting new HTTPS connection (1): ilm-dev-ed.my.salesforce.com
Starting new HTTPS connection (1): ilm-dev-ed.my.salesforce.com
Starting new HTTPS connection (1): ilm-dev-ed.my.salesforce.com
Starting new HTTPS connection (1): ilm-dev-ed.my.salesforce.com
Starting new HTTPS connection (1): ilm-dev-ed.my.salesforce.com
Starting new HTTPS connection (1): ilm-dev-ed.my.salesforce.com
Starting new HTTPS connection (1): ilm-dev-ed.my.salesforce.com
Starting new HTTPS connection (1): ilm-dev-ed.my.salesforce.com
Starting new HTTPS connection (1): ilm-dev-ed.my.salesforce.com
Starting new HTTPS connection (1): ilm-dev-ed.my.salesforce.com
Starting new HTTPS connection (1): ilm-dev-ed.my.salesforce.com
Starting new HTTPS connection (1): ilm-dev-ed.my.salesforce.com
Starting new HTTPS connection (1): ilm-dev-ed.my.salesforce.com
[MAVENSMATE CAUGHT ERROR]
None
[MAVENSMATE CAUGHT ERROR]
None
Starting new HTTPS connection (1): ilm-dev-ed.my.salesforce.com
Starting new HTTPS connection (1): ilm-dev-ed.my.salesforce.com
[MAVENSMATE CAUGHT ERROR]
None
[MAVENSMATE CAUGHT ERROR]
None
Starting new HTTPS connection (1): ilm-dev-ed.my.salesforce.com
[MAVENSMATE CAUGHT ERROR]
None
Starting new HTTPS connection (1): ilm-dev-ed.my.salesforce.com
[MAVENSMATE CAUGHT ERROR]
None
Starting new HTTPS connection (1): ilm-dev-ed.my.salesforce.com
Starting new HTTPS connection (1): ilm-dev-ed.my.salesforce.com
Starting new HTTPS connection (1): ilm-dev-ed.my.salesforce.com
Starting new HTTPS connection (1): ilm-dev-ed.my.salesforce.com
Starting new HTTPS connection (1): ilm-dev-ed.my.salesforce.com
Starting new HTTPS connection (1): ilm-dev-ed.my.salesforce.com
Starting new HTTPS connection (1): ilm-dev-ed.my.salesforce.com
Starting new HTTPS connection (1): ilm-dev-ed.my.salesforce.com
Starting new HTTPS connection (1): ilm-dev-ed.my.salesforce.com
Starting new HTTPS connection (1): ilm-dev-ed.my.salesforce.com
Starting new HTTPS connection (1): ilm-dev-ed.my.salesforce.com
Starting new HTTPS connection (1): ilm-dev-ed.my.salesforce.com
Starting new HTTPS connection (1): ilm-dev-ed.my.salesforce.com
Starting new HTTPS connection (1): ilm-dev-ed.my.salesforce.com
Starting new HTTPS connection (1): ilm-dev-ed.my.salesforce.com
Starting new HTTPS connection (1): ilm-dev-ed.my.salesforce.com
Starting new HTTPS connection (1): ilm-dev-ed.my.salesforce.com
Starting new HTTPS connection (1): ilm-dev-ed.my.salesforce.com
Starting new HTTPS connection (1): ilm-dev-ed.my.salesforce.com
Starting new HTTPS connection (1): ilm-dev-ed.my.salesforce.com
Starting new HTTPS connection (1): ilm-dev-ed.my.salesforce.com
Starting new HTTPS connection (1): ilm-dev-ed.my.salesforce.com
Starting new HTTPS connection (1): ilm-dev-ed.my.salesforce.com
Starting new HTTPS connection (1): ilm-dev-ed.my.salesforce.com
Starting new HTTPS connection (1): ilm-dev-ed.my.salesforce.com
Starting new HTTPS connection (1): ilm-dev-ed.my.salesforce.com
Starting new HTTPS connection (1): ilm-dev-ed.my.salesforce.com
Starting new HTTPS connection (1): ilm-dev-ed.my.salesforce.com
Starting new HTTPS connection (1): ilm-dev-ed.my.salesforce.com
Starting new HTTPS connection (1): ilm-dev-ed.my.salesforce.com
Starting new HTTPS connection (1): ilm-dev-ed.my.salesforce.com
Starting new HTTPS connection (1): ilm-dev-ed.my.salesforce.com
Starting new HTTPS connection (1): ilm-dev-ed.my.salesforce.com
Starting new HTTPS connection (1): ilm-dev-ed.my.salesforce.com
Starting new HTTPS connection (1): ilm-dev-ed.my.salesforce.com
Starting new HTTPS connection (1): ilm-dev-ed.my.salesforce.com
Starting new HTTPS connection (1): ilm-dev-ed.my.salesforce.com
Starting new HTTPS connection (1): ilm-dev-ed.my.salesforce.com
Starting new HTTPS connection (1): ilm-dev-ed.my.salesforce.com
Starting new HTTPS connection (1): ilm-dev-ed.my.salesforce.com
Starting new HTTPS connection (1): ilm-dev-ed.my.salesforce.com
Starting new HTTPS connection (1): ilm-dev-ed.my.salesforce.com
Starting new HTTPS connection (1): ilm-dev-ed.my.salesforce.com
Starting new HTTPS connection (1): ilm-dev-ed.my.salesforce.com
Starting new HTTPS connection (1): ilm-dev-ed.my.salesforce.com
Starting new HTTPS connection (1): ilm-dev-ed.my.salesforce.com
Starting new HTTPS connection (1): ilm-dev-ed.my.salesforce.com
Starting new HTTPS connection (1): ilm-dev-ed.my.salesforce.com
Starting new HTTPS connection (1): ilm-dev-ed.my.salesforce.com
Starting new HTTPS connection (1): ilm-dev-ed.my.salesforce.com
Starting new HTTPS connection (1): ilm-dev-ed.my.salesforce.com
Starting new HTTPS connection (1): ilm-dev-ed.my.salesforce.com
Starting new HTTPS connection (1): ilm-dev-ed.my.salesforce.com
Starting new HTTPS connection (1): ilm-dev-ed.my.salesforce.com
Starting new HTTPS connection (1): ilm-dev-ed.my.salesforce.com
Starting new HTTPS connection (1): ilm-dev-ed.my.salesforce.com
Starting new HTTPS connection (1): ilm-dev-ed.my.salesforce.com
Starting new HTTPS connection (1): ilm-dev-ed.my.salesforce.com
Starting new HTTPS connection (1): ilm-dev-ed.my.salesforce.com
Starting new HTTPS connection (1): ilm-dev-ed.my.salesforce.com
Starting new HTTPS connection (1): ilm-dev-ed.my.salesforce.com
Starting new HTTPS connection (1): ilm-dev-ed.my.salesforce.com
Starting new HTTPS connection (1): ilm-dev-ed.my.salesforce.com
Starting new HTTPS connection (1): ilm-dev-ed.my.salesforce.com
Starting new HTTPS connection (1): ilm-dev-ed.my.salesforce.com
Starting new HTTPS connection (1): ilm-dev-ed.my.salesforce.com
Starting new HTTPS connection (1): ilm-dev-ed.my.salesforce.com
Starting new HTTPS connection (1): ilm-dev-ed.my.salesforce.com
Starting new HTTPS connection (1): ilm-dev-ed.my.salesforce.com
Starting new HTTPS connection (1): ilm-dev-ed.my.salesforce.com
Starting new HTTPS connection (1): ilm-dev-ed.my.salesforce.com
Starting new HTTPS connection (1): ilm-dev-ed.my.salesforce.com
Starting new HTTPS connection (1): ilm-dev-ed.my.salesforce.com
Starting new HTTPS connection (1): ilm-dev-ed.my.salesforce.com
Starting new HTTPS connection (1): ilm-dev-ed.my.salesforce.com
Starting new HTTPS connection (1): ilm-dev-ed.my.salesforce.com
Starting new HTTPS connection (1): ilm-dev-ed.my.salesforce.com
Starting new HTTPS connection (1): ilm-dev-ed.my.salesforce.com
Starting new HTTPS connection (1): ilm-dev-ed.my.salesforce.com
Starting new HTTPS connection (1): ilm-dev-ed.my.salesforce.com
Starting new HTTPS connection (1): ilm-dev-ed.my.salesforce.com
Starting new HTTPS connection (1): ilm-dev-ed.my.salesforce.com
Starting new HTTPS connection (1): ilm-dev-ed.my.salesforce.com
Starting new HTTPS connection (1): ilm-dev-ed.my.salesforce.com
Starting new HTTPS connection (1): ilm-dev-ed.my.salesforce.com
Starting new HTTPS connection (1): ilm-dev-ed.my.salesforce.com
Starting new HTTPS connection (1): ilm-dev-ed.my.salesforce.com
Starting new HTTPS connection (1): ilm-dev-ed.my.salesforce.com
Starting new HTTPS connection (1): ilm-dev-ed.my.salesforce.com
Starting new HTTPS connection (1): ilm-dev-ed.my.salesforce.com
Starting new HTTPS connection (1): ilm-dev-ed.my.salesforce.com
Starting new HTTPS connection (1): ilm-dev-ed.my.salesforce.com
Starting new HTTPS connection (1): ilm-dev-ed.my.salesforce.com
Starting new HTTPS connection (1): ilm-dev-ed.my.salesforce.com
Starting new HTTPS connection (1): ilm-dev-ed.my.salesforce.com
Starting new HTTPS connection (1): ilm-dev-ed.my.salesforce.com
Starting new HTTPS connection (1): ilm-dev-ed.my.salesforce.com
Starting new HTTPS connection (1): ilm-dev-ed.my.salesforce.com
Starting new HTTPS connection (1): ilm-dev-ed.my.salesforce.com
Starting new HTTPS connection (1): ilm-dev-ed.my.salesforce.com
Starting new HTTPS connection (1): ilm-dev-ed.my.salesforce.com
Starting new HTTPS connection (1): ilm-dev-ed.my.salesforce.com
Starting new HTTPS connection (1): ilm-dev-ed.my.salesforce.com
Starting new HTTPS connection (1): ilm-dev-ed.my.salesforce.com
Starting new HTTPS connection (1): ilm-dev-ed.my.salesforce.com
Starting new HTTPS connection (1): ilm-dev-ed.my.salesforce.com
Starting new HTTPS connection (1): ilm-dev-ed.my.salesforce.com
Starting new HTTPS connection (1): ilm-dev-ed.my.salesforce.com
Starting new HTTPS connection (1): ilm-dev-ed.my.salesforce.com
Starting new HTTPS connection (1): ilm-dev-ed.my.salesforce.com
Starting new HTTPS connection (1): ilm-dev-ed.my.salesforce.com
Starting new HTTPS connection (1): ilm-dev-ed.my.salesforce.com
Starting new HTTPS connection (1): ilm-dev-ed.my.salesforce.com
Starting new HTTPS connection (1): ilm-dev-ed.my.salesforce.com
Starting new HTTPS connection (1): ilm-dev-ed.my.salesforce.com
Starting new HTTPS connection (1): ilm-dev-ed.my.salesforce.com
Starting new HTTPS connection (1): ilm-dev-ed.my.salesforce.com
Starting new HTTPS connection (1): ilm-dev-ed.my.salesforce.com
Starting new HTTPS connection (1): ilm-dev-ed.my.salesforce.com
Starting new HTTPS connection (1): ilm-dev-ed.my.salesforce.com
Starting new HTTPS connection (1): ilm-dev-ed.my.salesforce.com
Starting new HTTPS connection (1): ilm-dev-ed.my.salesforce.com
Starting new HTTPS connection (1): ilm-dev-ed.my.salesforce.com
Starting new HTTPS connection (1): ilm-dev-ed.my.salesforce.com
Starting new HTTPS connection (1): ilm-dev-ed.my.salesforce.com
Starting new HTTPS connection (1): ilm-dev-ed.my.salesforce.com
Starting new HTTPS connection (1): ilm-dev-ed.my.salesforce.com
Starting new HTTPS connection (1): ilm-dev-ed.my.salesforce.com
Starting new HTTPS connection (1): ilm-dev-ed.my.salesforce.com
Starting new HTTPS connection (1): ilm-dev-ed.my.salesforce.com
Starting new HTTPS connection (1): ilm-dev-ed.my.salesforce.com
Starting new HTTPS connection (1): ilm-dev-ed.my.salesforce.com
Starting new HTTPS connection (1): ilm-dev-ed.my.salesforce.com
Starting new HTTPS connection (1): ilm-dev-ed.my.salesforce.com
Starting new HTTPS connection (1): ilm-dev-ed.my.salesforce.com
Starting new HTTPS connection (1): ilm-dev-ed.my.salesforce.com
Starting new HTTPS connection (1): ilm-dev-ed.my.salesforce.com
Starting new HTTPS connection (1): ilm-dev-ed.my.salesforce.com
Starting new HTTPS connection (1): ilm-dev-ed.my.salesforce.com
Starting new HTTPS connection (1): ilm-dev-ed.my.salesforce.com
Starting new HTTPS connection (1): ilm-dev-ed.my.salesforce.com
Starting new HTTPS connection (1): ilm-dev-ed.my.salesforce.com
Starting new HTTPS connection (1): ilm-dev-ed.my.salesforce.com
Starting new HTTPS connection (1): ilm-dev-ed.my.salesforce.com
Starting new HTTPS connection (1): ilm-dev-ed.my.salesforce.com
Starting new HTTPS connection (1): ilm-dev-ed.my.salesforce.com
Starting new HTTPS connection (1): ilm-dev-ed.my.salesforce.com
Starting new HTTPS connection (1): ilm-dev-ed.my.salesforce.com
Starting new HTTPS connection (1): ilm-dev-ed.my.salesforce.com
Starting new HTTPS connection (1): ilm-dev-ed.my.salesforce.com
Starting new HTTPS connection (1): ilm-dev-ed.my.salesforce.com
Starting new HTTPS connection (1): ilm-dev-ed.my.salesforce.com
Starting new HTTPS connection (1): ilm-dev-ed.my.salesforce.com
Starting new HTTPS connection (1): ilm-dev-ed.my.salesforce.com
Starting new HTTPS connection (1): ilm-dev-ed.my.salesforce.com
Starting new HTTPS connection (1): ilm-dev-ed.my.salesforce.com
Starting new HTTPS connection (1): ilm-dev-ed.my.salesforce.com
Starting new HTTPS connection (1): ilm-dev-ed.my.salesforce.com
Starting new HTTPS connection (1): ilm-dev-ed.my.salesforce.com
Starting new HTTPS connection (1): ilm-dev-ed.my.salesforce.com
Starting new HTTPS connection (1): ilm-dev-ed.my.salesforce.com
Starting new HTTPS connection (1): ilm-dev-ed.my.salesforce.com
Starting new HTTPS connection (1): ilm-dev-ed.my.salesforce.com
Starting new HTTPS connection (1): ilm-dev-ed.my.salesforce.com
Starting new HTTPS connection (1): ilm-dev-ed.my.salesforce.com
Starting new HTTPS connection (1): ilm-dev-ed.my.salesforce.com
Starting new HTTPS connection (1): ilm-dev-ed.my.salesforce.com
Starting new HTTPS connection (1): ilm-dev-ed.my.salesforce.com
Starting new HTTPS connection (1): ilm-dev-ed.my.salesforce.com
Starting new HTTPS connection (1): ilm-dev-ed.my.salesforce.com
Starting new HTTPS connection (1): ilm-dev-ed.my.salesforce.com
Starting new HTTPS connection (1): ilm-dev-ed.my.salesforce.com
Starting new HTTPS connection (1): ilm-dev-ed.my.salesforce.com
Starting new HTTPS connection (1): ilm-dev-ed.my.salesforce.com
Starting new HTTPS connection (1): ilm-dev-ed.my.salesforce.com
Starting new HTTPS connection (1): ilm-dev-ed.my.salesforce.com
Starting new HTTPS connection (1): ilm-dev-ed.my.salesforce.com
Starting new HTTPS connection (1): ilm-dev-ed.my.salesforce.com
Starting new HTTPS connection (1): ilm-dev-ed.my.salesforce.com
Starting new HTTPS connection (1): ilm-dev-ed.my.salesforce.com
Starting new HTTPS connection (1): ilm-dev-ed.my.salesforce.com
Starting new HTTPS connection (1): ilm-dev-ed.my.salesforce.com
Starting new HTTPS connection (1): ilm-dev-ed.my.salesforce.com
Starting new HTTPS connection (1): ilm-dev-ed.my.salesforce.com
Starting new HTTPS connection (1): ilm-dev-ed.my.salesforce.com
Starting new HTTPS connection (1): ilm-dev-ed.my.salesforce.com
Starting new HTTPS connection (1): ilm-dev-ed.my.salesforce.com
Starting new HTTPS connection (1): ilm-dev-ed.my.salesforce.com
Starting new HTTPS connection (1): ilm-dev-ed.my.salesforce.com
Starting new HTTPS connection (1): ilm-dev-ed.my.salesforce.com
Starting new HTTPS connection (1): ilm-dev-ed.my.salesforce.com
Starting new HTTPS connection (1): ilm-dev-ed.my.salesforce.com
Starting new HTTPS connection (1): ilm-dev-ed.my.salesforce.com
Starting new HTTPS connection (1): ilm-dev-ed.my.salesforce.com
Starting new HTTPS connection (1): ilm-dev-ed.my.salesforce.com
Starting new HTTPS connection (1): ilm-dev-ed.my.salesforce.com
Starting new HTTPS connection (1): ilm-dev-ed.my.salesforce.com
Starting new HTTPS connection (1): ilm-dev-ed.my.salesforce.com
Starting new HTTPS connection (1): ilm-dev-ed.my.salesforce.com
Starting new HTTPS connection (1): ilm-dev-ed.my.salesforce.com
Starting new HTTPS connection (1): ilm-dev-ed.my.salesforce.com
Starting new HTTPS connection (1): ilm-dev-ed.my.salesforce.com
Starting new HTTPS connection (1): ilm-dev-ed.my.salesforce.com
Starting new HTTPS connection (1): ilm-dev-ed.my.salesforce.com
Starting new HTTPS connection (1): ilm-dev-ed.my.salesforce.com
Starting new HTTPS connection (1): ilm-dev-ed.my.salesforce.com
Starting new HTTPS connection (1): ilm-dev-ed.my.salesforce.com
Starting new HTTPS connection (1): ilm-dev-ed.my.salesforce.com
